[sylvesterthecat.lol/index.html]
[backblue.gif]
[fade.gif]
[index.html]
[sylvesterthecat.lol/89def579c564d9e1d04f0fa2784c89d0.png]
[sylvesterthecat.lol/99b235ab0760ba6e51d9ea4b1bd51cdd.png]
[sylvesterthecat.lol/c43bec6898ee4545b904e7d978667247.png]
[sylvesterthecat.lol/67076ee6912b3e012bbd9daebaa55329.png]
[sylvesterthecat.lol/fonts/83e92e69079378329723bd898b58569c.woff]
[sylvesterthecat.lol/fonts/f8f199f09526f79e87644ed227e0f651.woff2]
[sylvesterthecat.lol/fonts/98c4d2c0223fc8474641c77f923528e9.woff2]
[sylvesterthecat.lol/fonts/d257a7100844bc3f98c9021168b6249e.woff2]
[sylvesterthecat.lol/fonts/1060345c54d396e76d73f1da7ee200bd.woff2]
[sylvesterthecat.lol/images/1e646f5074b4869ba92b2f5d1f664042.png]
[sylvesterthecat.lol/images/90ba7bae0270161f45ec4f691af849e4.png]
[sylvesterthecat.lol/images/5de8cc5dd9454794c53fde50e5ffa4e4.png]
[sylvesterthecat.lol/videos/b47440a274bf5b64af1653b35c09bf6d.mp4]
[sylvesterthecat.lol/videos/584e22a3626e32f813c86e87b6d1ccc0.mp4]
[sylvesterthecat.lol/videos/6859ef4f91f14c52ee75cb0197995409.mp4]
[sylvesterthecat.lol/videos/25c306060ab84090a122faa3fbf36540.gif]
[sylvesterthecat.lol/videos/79bdb57b4f104d145aa3b00139ab831f.gif]
[sylvesterthecat.lol/videos/fa48c0a53e70fbb01ab35ed5d0f57e12.gif]
[sylvesterthecat.lol/videos/1ac2fb2d2c45fcc1f3465ff32e0cb7b8.gif]
[sylvesterthecat.lol/images/9225e6d271e58ff5f65df9078f2c0cde.svg]
[sylvesterthecat.lol/images/41cd47fa65b05729ba6b75944c7ab5da.svg]
[sylvesterthecat.lol/images/b022906c30d2728eaa68a52f5e78302d.svg]
[sylvesterthecat.lol/images/501154388666d71e0d27947413c6665d.svg]
[sylvesterthecat.lol/images/1162477882f6b01e5af480e5e936ba71.svg]
[sylvesterthecat.lol/videos/57f34cde98fb9a9d6a6d19d3eae10bce.mp4]
[sylvesterthecat.lol/images/f245f9eb6c8b8b04c781533d30e3a550.svg]
[sylvesterthecat.lol/images/12d69cc6467e7081c08257fbec533481.svg]
[sylvesterthecat.lol/js/a7bdac05b24347a77bc2ba39247eaaf9c12b11b8b5b7c8ffcd473c8cd1f4ef7d.js]
[sylvesterthecat.lol/js/939898b427480d700449229ff00dbb8a6f9f77442b532f697866e6914ab8843a.js]
[sylvesterthecat.lol/index.html]
[sylvesterthecat.lol/images/9225e6d271e58ff5f65df9078f2c0cde.svg]
[sylvesterthecat.lol/images/41cd47fa65b05729ba6b75944c7ab5da.svg]
[sylvesterthecat.lol/images/b022906c30d2728eaa68a52f5e78302d.svg]
[sylvesterthecat.lol/images/501154388666d71e0d27947413c6665d.svg]
[sylvesterthecat.lol/images/1162477882f6b01e5af480e5e936ba71.svg]
[sylvesterthecat.lol/images/f245f9eb6c8b8b04c781533d30e3a550.svg]
[sylvesterthecat.lol/images/12d69cc6467e7081c08257fbec533481.svg]
[sylvesterthecat.lol/js/388fb330498371d4935abbff11d34d4c30842ca3c4a128cdd290d29db98acb41.js]
